tar: Removing leading `/' from member names
/home/mohana/mhd_superhump/processed_data/Cyl_2/Cyl_2_profile/
/home/mohana/mhd_superhump/processed_data/Cyl_2/Cyl_2_profile/Cyl_2_density_profile02000_r=2.png
/home/mohana/mhd_superhump/processed_data/Cyl_2/Cyl_2_profile/Cyl_2_density_profile02000_r=4.png
/home/mohana/mhd_superhump/processed_data/Cyl_2/Cyl_2_profile/Cyl_2_density_profile02000_r=6.png
/home/mohana/mhd_superhump/processed_data/Cyl_2/Cyl_2_profile/Cyl_2_density_profile02000_r=8.png
/home/mohana/mhd_superhump/processed_data/Cyl_2/Cyl_2_profile/Cyl_2_density_profile02000_r=10.png
/home/mohana/mhd_superhump/processed_data/Cyl_2/Cyl_2_profile/Cyl_2_density_profile02000_r=12.png
/home/mohana/mhd_superhump/processed_data/Cyl_2/Cyl_2_profile/Cyl_2_density_profile00000_r=8.png
/home/mohana/mhd_superhump/processed_data/Cyl_2/Cyl_2_profile/Cyl_2_density_profile00004_r=8.png
/home/mohana/mhd_superhump/processed_data/Cyl_2/Cyl_2_profile/Cyl_2_density_profile00008_r=8.png
/home/mohana/mhd_superhump/processed_data/Cyl_2/Cyl_2_profile/Cyl_2_density_profile00012_r=8.png
/home/mohana/mhd_superhump/processed_data/Cyl_2/Cyl_2_profile/Cyl_2_density_profile00016_r=8.png
/home/mohana/mhd_superhump/processed_data/Cyl_2/Cyl_2_profile/Cyl_2_density_profile00020_r=8.png
/home/mohana/mhd_superhump/processed_data/Cyl_2/Cyl_2_profile/Cyl_2_density_profile00024_r=8.png
/home/mohana/mhd_superhump/processed_data/Cyl_2/Cyl_2_profile/Cyl_2_density_profile00028_r=8.png
/home/mohana/mhd_superhump/processed_data/Cyl_2/Cyl_2_profile/Cyl_2_density_profile00032_r=8.png
/home/mohana/mhd_superhump/processed_data/Cyl_2/Cyl_2_profile/Cyl_2_density_profile00036_r=8.png
/home/mohana/mhd_superhump/processed_data/Cyl_2/Cyl_2_profile/Cyl_2_density_profile00040_r=8.png
/home/mohana/mhd_superhump/processed_data/Cyl_2/Cyl_2_profile/Cyl_2_density_profile00044_r=8.png
/home/mohana/mhd_superhump/processed_data/Cyl_2/Cyl_2_profile/Cyl_2_density_profile00048_r=8.png
/home/mohana/mhd_superhump/processed_data/Cyl_2/Cyl_2_profile/Cyl_2_density_profile00052_r=8.png
/home/mohana/mhd_superhump/processed_data/Cyl_2/Cyl_2_profile/Cyl_2_density_profile00056_r=8.png
/home/mohana/mhd_superhump/processed_data/Cyl_2/Cyl_2_profile/Cyl_2_density_profile00060_r=8.png
/home/mohana/mhd_superhump/processed_data/Cyl_2/Cyl_2_profile/Cyl_2_density_profile00064_r=8.png
/home/mohana/mhd_superhump/processed_data/Cyl_2/Cyl_2_profile/Cyl_2_density_profile00068_r=8.png
/home/mohana/mhd_superhump/processed_data/Cyl_2/Cyl_2_profile/Cyl_2_density_profile00072_r=8.png
/home/mohana/mhd_superhump/processed_data/Cyl_2/Cyl_2_profile/Cyl_2_density_profile00076_r=8.png
/home/mohana/mhd_superhump/processed_data/Cyl_2/Cyl_2_profile/Cyl_2_density_profile00080_r=8.png
/home/mohana/mhd_superhump/processed_data/Cyl_2/Cyl_2_profile/Cyl_2_density_profile00084_r=8.png
/home/mohana/mhd_superhump/processed_data/Cyl_2/Cyl_2_profile/Cyl_2_density_profile00088_r=8.png
/home/mohana/mhd_superhump/processed_data/Cyl_2/Cyl_2_profile/Cyl_2_density_profile00092_r=8.png
/home/mohana/mhd_superhump/processed_data/Cyl_2/Cyl_2_profile/Cyl_2_density_profile00096_r=8.png
/home/mohana/mhd_superhump/processed_data/Cyl_2/Cyl_2_profile/Cyl_2_density_profile00100_r=8.png
/home/mohana/mhd_superhump/processed_data/Cyl_2/Cyl_2_profile/Cyl_2_density_profile00104_r=8.png
/home/mohana/mhd_superhump/processed_data/Cyl_2/Cyl_2_profile/Cyl_2_density_profile00108_r=8.png
/home/mohana/mhd_superhump/processed_data/Cyl_2/Cyl_2_profile/Cyl_2_density_profile00112_r=8.png
/home/mohana/mhd_superhump/processed_data/Cyl_2/Cyl_2_profile/Cyl_2_density_profile00116_r=8.png
/home/mohana/mhd_superhump/processed_data/Cyl_2/Cyl_2_profile/Cyl_2_density_profile00120_r=8.png
/home/mohana/mhd_superhump/processed_data/Cyl_2/Cyl_2_profile/Cyl_2_density_profile00124_r=8.png
/home/mohana/mhd_superhump/processed_data/Cyl_2/Cyl_2_profile/Cyl_2_density_profile00128_r=8.png
/home/mohana/mhd_superhump/processed_data/Cyl_2/Cyl_2_profile/Cyl_2_density_profile00132_r=8.png
/home/mohana/mhd_superhump/processed_data/Cyl_2/Cyl_2_profile/Cyl_2_density_profile00136_r=8.png
/home/mohana/mhd_superhump/processed_data/Cyl_2/Cyl_2_profile/Cyl_2_density_profile00140_r=8.png
/home/mohana/mhd_superhump/processed_data/Cyl_2/Cyl_2_profile/Cyl_2_density_profile00144_r=8.png
/home/mohana/mhd_superhump/processed_data/Cyl_2/Cyl_2_profile/Cyl_2_density_profile00148_r=8.png
/home/mohana/mhd_superhump/processed_data/Cyl_2/Cyl_2_profile/Cyl_2_density_profile00152_r=8.png
/home/mohana/mhd_superhump/processed_data/Cyl_2/Cyl_2_profile/Cyl_2_density_profile00156_r=8.png
/home/mohana/mhd_superhump/processed_data/Cyl_2/Cyl_2_profile/Cyl_2_density_profile00160_r=8.png
/home/mohana/mhd_superhump/processed_data/Cyl_2/Cyl_2_profile/Cyl_2_density_profile00164_r=8.png
/home/mohana/mhd_superhump/processed_data/Cyl_2/Cyl_2_profile/Cyl_2_density_profile00168_r=8.png
/home/mohana/mhd_superhump/processed_data/Cyl_2/Cyl_2_profile/Cyl_2_density_profile00172_r=8.png
/home/mohana/mhd_superhump/processed_data/Cyl_2/Cyl_2_profile/Cyl_2_density_profile00176_r=8.png
/home/mohana/mhd_superhump/processed_data/Cyl_2/Cyl_2_profile/Cyl_2_density_profile00180_r=8.png
/home/mohana/mhd_superhump/processed_data/Cyl_2/Cyl_2_profile/Cyl_2_density_profile00184_r=8.png
/home/mohana/mhd_superhump/processed_data/Cyl_2/Cyl_2_profile/Cyl_2_density_profile00188_r=8.png
/home/mohana/mhd_superhump/processed_data/Cyl_2/Cyl_2_profile/Cyl_2_density_profile00192_r=8.png
/home/mohana/mhd_superhump/processed_data/Cyl_2/Cyl_2_profile/Cyl_2_density_profile00196_r=8.png
/home/mohana/mhd_superhump/processed_data/Cyl_2/Cyl_2_profile/Cyl_2_density_profile00200_r=8.png
/home/mohana/mhd_superhump/processed_data/Cyl_2/Cyl_2_profile/Cyl_2_density_profile00204_r=8.png
/home/mohana/mhd_superhump/processed_data/Cyl_2/Cyl_2_profile/Cyl_2_density_profile00208_r=8.png
/home/mohana/mhd_superhump/processed_data/Cyl_2/Cyl_2_profile/Cyl_2_density_profile00212_r=8.png
/home/mohana/mhd_superhump/processed_data/Cyl_2/Cyl_2_profile/Cyl_2_density_profile00216_r=8.png
/home/mohana/mhd_superhump/processed_data/Cyl_2/Cyl_2_profile/Cyl_2_density_profile00220_r=8.png
/home/mohana/mhd_superhump/processed_data/Cyl_2/Cyl_2_profile/Cyl_2_density_profile00224_r=8.png
/home/mohana/mhd_superhump/processed_data/Cyl_2/Cyl_2_profile/Cyl_2_density_profile00228_r=8.png
/home/mohana/mhd_superhump/processed_data/Cyl_2/Cyl_2_profile/Cyl_2_density_profile00232_r=8.png
/home/mohana/mhd_superhump/processed_data/Cyl_2/Cyl_2_profile/Cyl_2_density_profile00236_r=8.png
/home/mohana/mhd_superhump/processed_data/Cyl_2/Cyl_2_profile/Cyl_2_density_profile00240_r=8.png
/home/mohana/mhd_superhump/processed_data/Cyl_2/Cyl_2_profile/Cyl_2_density_profile00244_r=8.png
/home/mohana/mhd_superhump/processed_data/Cyl_2/Cyl_2_profile/Cyl_2_density_profile00248_r=8.png
/home/mohana/mhd_superhump/processed_data/Cyl_2/Cyl_2_profile/Cyl_2_density_profile00252_r=8.png
/home/mohana/mhd_superhump/processed_data/Cyl_2/Cyl_2_profile/Cyl_2_density_profile00256_r=8.png
/home/mohana/mhd_superhump/processed_data/Cyl_2/Cyl_2_profile/Cyl_2_density_profile00260_r=8.png
/home/mohana/mhd_superhump/processed_data/Cyl_2/Cyl_2_profile/Cyl_2_density_profile00264_r=8.png
/home/mohana/mhd_superhump/processed_data/Cyl_2/Cyl_2_profile/Cyl_2_density_profile00268_r=8.png
/home/mohana/mhd_superhump/processed_data/Cyl_2/Cyl_2_profile/Cyl_2_density_profile00272_r=8.png
/home/mohana/mhd_superhump/processed_data/Cyl_2/Cyl_2_profile/Cyl_2_density_profile00276_r=8.png
/home/mohana/mhd_superhump/processed_data/Cyl_2/Cyl_2_profile/Cyl_2_density_profile00280_r=8.png
/home/mohana/mhd_superhump/processed_data/Cyl_2/Cyl_2_profile/Cyl_2_density_profile00284_r=8.png
/home/mohana/mhd_superhump/processed_data/Cyl_2/Cyl_2_profile/Cyl_2_density_profile00288_r=8.png
/home/mohana/mhd_superhump/processed_data/Cyl_2/Cyl_2_profile/Cyl_2_density_profile00292_r=8.png
/home/mohana/mhd_superhump/processed_data/Cyl_2/Cyl_2_profile/Cyl_2_density_profile00296_r=8.png
/home/mohana/mhd_superhump/processed_data/Cyl_2/Cyl_2_profile/Cyl_2_density_profile00300_r=8.png
/home/mohana/mhd_superhump/processed_data/Cyl_2/Cyl_2_profile/Cyl_2_profile.tar.gz
tar: /home/mohana/mhd_superhump/processed_data/Cyl_2/Cyl_2_profile/Cyl_2_profile.tar.gz: file changed as we read it
/home/mohana/mhd_superhump/processed_data/Cyl_2/Cyl_2_profile/Cyl_2_density_profile00304_r=8.png
/home/mohana/mhd_superhump/processed_data/Cyl_2/Cyl_2_profile/Cyl_2_density_profile00308_r=8.png
/home/mohana/mhd_superhump/processed_data/Cyl_2/Cyl_2_profile/Cyl_2_density_profile00312_r=8.png
/home/mohana/mhd_superhump/processed_data/Cyl_2/Cyl_2_profile/Cyl_2_density_profile00316_r=8.png
/home/mohana/mhd_superhump/processed_data/Cyl_2/Cyl_2_profile/Cyl_2_density_profile00320_r=8.png
/home/mohana/mhd_superhump/processed_data/Cyl_2/Cyl_2_profile/Cyl_2_density_profile00324_r=8.png
/home/mohana/mhd_superhump/processed_data/Cyl_2/Cyl_2_profile/Cyl_2_density_profile00328_r=8.png
/home/mohana/mhd_superhump/processed_data/Cyl_2/Cyl_2_profile/Cyl_2_density_profile00332_r=8.png
/home/mohana/mhd_superhump/processed_data/Cyl_2/Cyl_2_profile/Cyl_2_density_profile00336_r=8.png
/home/mohana/mhd_superhump/processed_data/Cyl_2/Cyl_2_profile/Cyl_2_density_profile00340_r=8.png
/home/mohana/mhd_superhump/processed_data/Cyl_2/Cyl_2_profile/Cyl_2_density_profile00344_r=8.png
/home/mohana/mhd_superhump/processed_data/Cyl_2/Cyl_2_profile/Cyl_2_density_profile00348_r=8.png
/home/mohana/mhd_superhump/processed_data/Cyl_2/Cyl_2_profile/Cyl_2_density_profile00352_r=8.png
/home/mohana/mhd_superhump/processed_data/Cyl_2/Cyl_2_profile/Cyl_2_density_profile00356_r=8.png
/home/mohana/mhd_superhump/processed_data/Cyl_2/Cyl_2_profile/Cyl_2_density_profile00360_r=8.png
/home/mohana/mhd_superhump/processed_data/Cyl_2/Cyl_2_profile/Cyl_2_density_profile00364_r=8.png
/home/mohana/mhd_superhump/processed_data/Cyl_2/Cyl_2_profile/Cyl_2_density_profile00368_r=8.png
/home/mohana/mhd_superhump/processed_data/Cyl_2/Cyl_2_profile/Cyl_2_density_profile00372_r=8.png
/home/mohana/mhd_superhump/processed_data/Cyl_2/Cyl_2_profile/Cyl_2_density_profile00376_r=8.png
/home/mohana/mhd_superhump/processed_data/Cyl_2/Cyl_2_profile/Cyl_2_density_profile00380_r=8.png
/home/mohana/mhd_superhump/processed_data/Cyl_2/Cyl_2_profile/Cyl_2_density_profile00384_r=8.png
/home/mohana/mhd_superhump/processed_data/Cyl_2/Cyl_2_profile/Cyl_2_density_profile00388_r=8.png
/home/mohana/mhd_superhump/processed_data/Cyl_2/Cyl_2_profile/Cyl_2_density_profile00392_r=8.png
/home/mohana/mhd_superhump/processed_data/Cyl_2/Cyl_2_profile/Cyl_2_density_profile00396_r=8.png
/home/mohana/mhd_superhump/processed_data/Cyl_2/Cyl_2_profile/Cyl_2_density_profile00400_r=8.png
/home/mohana/mhd_superhump/processed_data/Cyl_2/Cyl_2_profile/Cyl_2_density_profile00404_r=8.png
/home/mohana/mhd_superhump/processed_data/Cyl_2/Cyl_2_profile/Cyl_2_density_profile00408_r=8.png
/home/mohana/mhd_superhump/processed_data/Cyl_2/Cyl_2_profile/Cyl_2_density_profile00412_r=8.png
/home/mohana/mhd_superhump/processed_data/Cyl_2/Cyl_2_profile/Cyl_2_density_profile00416_r=8.png
/home/mohana/mhd_superhump/processed_data/Cyl_2/Cyl_2_profile/Cyl_2_density_profile00420_r=8.png
/home/mohana/mhd_superhump/processed_data/Cyl_2/Cyl_2_profile/Cyl_2_density_profile00424_r=8.png
/home/mohana/mhd_superhump/processed_data/Cyl_2/Cyl_2_profile/Cyl_2_density_profile00428_r=8.png
/home/mohana/mhd_superhump/processed_data/Cyl_2/Cyl_2_profile/Cyl_2_density_profile00432_r=8.png
/home/mohana/mhd_superhump/processed_data/Cyl_2/Cyl_2_profile/Cyl_2_density_profile00436_r=8.png
/home/mohana/mhd_superhump/processed_data/Cyl_2/Cyl_2_profile/Cyl_2_density_profile00440_r=8.png
/home/mohana/mhd_superhump/processed_data/Cyl_2/Cyl_2_profile/Cyl_2_density_profile00444_r=8.png
/home/mohana/mhd_superhump/processed_data/Cyl_2/Cyl_2_profile/Cyl_2_density_profile00448_r=8.png
/home/mohana/mhd_superhump/processed_data/Cyl_2/Cyl_2_profile/Cyl_2_density_profile00452_r=8.png
/home/mohana/mhd_superhump/processed_data/Cyl_2/Cyl_2_profile/Cyl_2_density_profile00456_r=8.png
/home/mohana/mhd_superhump/processed_data/Cyl_2/Cyl_2_profile/Cyl_2_density_profile00460_r=8.png
/home/mohana/mhd_superhump/processed_data/Cyl_2/Cyl_2_profile/Cyl_2_density_profile00464_r=8.png
/home/mohana/mhd_superhump/processed_data/Cyl_2/Cyl_2_profile/Cyl_2_density_profile00468_r=8.png
/home/mohana/mhd_superhump/processed_data/Cyl_2/Cyl_2_profile/Cyl_2_density_profile00472_r=8.png
/home/mohana/mhd_superhump/processed_data/Cyl_2/Cyl_2_profile/Cyl_2_density_profile00476_r=8.png
/home/mohana/mhd_superhump/processed_data/Cyl_2/Cyl_2_profile/Cyl_2_density_profile00480_r=8.png
/home/mohana/mhd_superhump/processed_data/Cyl_2/Cyl_2_profile/Cyl_2_density_profile00484_r=8.png
/home/mohana/mhd_superhump/processed_data/Cyl_2/Cyl_2_profile/Cyl_2_density_profile00488_r=8.png
/home/mohana/mhd_superhump/processed_data/Cyl_2/Cyl_2_profile/Cyl_2_density_profile00492_r=8.png
/home/mohana/mhd_superhump/processed_data/Cyl_2/Cyl_2_profile/Cyl_2_density_profile00496_r=8.png
/home/mohana/mhd_superhump/processed_data/Cyl_2/Cyl_2_profile/Cyl_2_density_profile00500_r=8.png
/home/mohana/mhd_superhump/processed_data/Cyl_2/Cyl_2_profile/Cyl_2_density_profile00504_r=8.png
/home/mohana/mhd_superhump/processed_data/Cyl_2/Cyl_2_profile/Cyl_2_density_profile00508_r=8.png
/home/mohana/mhd_superhump/processed_data/Cyl_2/Cyl_2_profile/Cyl_2_density_profile00512_r=8.png
/home/mohana/mhd_superhump/processed_data/Cyl_2/Cyl_2_profile/Cyl_2_density_profile00516_r=8.png
/home/mohana/mhd_superhump/processed_data/Cyl_2/Cyl_2_profile/Cyl_2_density_profile00520_r=8.png
/home/mohana/mhd_superhump/processed_data/Cyl_2/Cyl_2_profile/Cyl_2_density_profile00524_r=8.png
/home/mohana/mhd_superhump/processed_data/Cyl_2/Cyl_2_profile/Cyl_2_density_profile00528_r=8.png
/home/mohana/mhd_superhump/processed_data/Cyl_2/Cyl_2_profile/Cyl_2_density_profile00532_r=8.png
/home/mohana/mhd_superhump/processed_data/Cyl_2/Cyl_2_profile/Cyl_2_density_profile00536_r=8.png
/home/mohana/mhd_superhump/processed_data/Cyl_2/Cyl_2_profile/Cyl_2_density_profile00540_r=8.png
/home/mohana/mhd_superhump/processed_data/Cyl_2/Cyl_2_profile/Cyl_2_density_profile00544_r=8.png
/home/mohana/mhd_superhump/processed_data/Cyl_2/Cyl_2_profile/Cyl_2_density_profile00548_r=8.png
/home/mohana/mhd_superhump/processed_data/Cyl_2/Cyl_2_profile/Cyl_2_density_profile00552_r=8.png
/home/mohana/mhd_superhump/processed_data/Cyl_2/Cyl_2_profile/Cyl_2_density_profile00556_r=8.png
/home/mohana/mhd_superhump/processed_data/Cyl_2/Cyl_2_profile/Cyl_2_density_profile00560_r=8.png
/home/mohana/mhd_superhump/processed_data/Cyl_2/Cyl_2_profile/Cyl_2_density_profile00564_r=8.png
/home/mohana/mhd_superhump/processed_data/Cyl_2/Cyl_2_profile/Cyl_2_density_profile00568_r=8.png
/home/mohana/mhd_superhump/processed_data/Cyl_2/Cyl_2_profile/Cyl_2_density_profile00572_r=8.png
/home/mohana/mhd_superhump/processed_data/Cyl_2/Cyl_2_profile/Cyl_2_density_profile00576_r=8.png
/home/mohana/mhd_superhump/processed_data/Cyl_2/Cyl_2_profile/Cyl_2_density_profile00580_r=8.png
/home/mohana/mhd_superhump/processed_data/Cyl_2/Cyl_2_profile/Cyl_2_density_profile00584_r=8.png
/home/mohana/mhd_superhump/processed_data/Cyl_2/Cyl_2_profile/Cyl_2_density_profile00588_r=8.png
/home/mohana/mhd_superhump/processed_data/Cyl_2/Cyl_2_profile/Cyl_2_density_profile00592_r=8.png
/home/mohana/mhd_superhump/processed_data/Cyl_2/Cyl_2_profile/Cyl_2_density_profile00596_r=8.png
/home/mohana/mhd_superhump/processed_data/Cyl_2/Cyl_2_profile/Cyl_2_density_profile00600_r=8.png
/home/mohana/mhd_superhump/processed_data/Cyl_2/Cyl_2_profile/Cyl_2_density_profile00604_r=8.png
/home/mohana/mhd_superhump/processed_data/Cyl_2/Cyl_2_profile/Cyl_2_density_profile00608_r=8.png
/home/mohana/mhd_superhump/processed_data/Cyl_2/Cyl_2_profile/Cyl_2_density_profile00612_r=8.png
/home/mohana/mhd_superhump/processed_data/Cyl_2/Cyl_2_profile/Cyl_2_density_profile00616_r=8.png
/home/mohana/mhd_superhump/processed_data/Cyl_2/Cyl_2_profile/Cyl_2_density_profile00620_r=8.png
/home/mohana/mhd_superhump/processed_data/Cyl_2/Cyl_2_profile/Cyl_2_density_profile00624_r=8.png
/home/mohana/mhd_superhump/processed_data/Cyl_2/Cyl_2_profile/Cyl_2_density_profile00628_r=8.png
/home/mohana/mhd_superhump/processed_data/Cyl_2/Cyl_2_profile/Cyl_2_density_profile00632_r=8.png
/home/mohana/mhd_superhump/processed_data/Cyl_2/Cyl_2_profile/Cyl_2_density_profile00636_r=8.png
/home/mohana/mhd_superhump/processed_data/Cyl_2/Cyl_2_profile/Cyl_2_density_profile00640_r=8.png
/home/mohana/mhd_superhump/processed_data/Cyl_2/Cyl_2_profile/Cyl_2_density_profile00644_r=8.png
/home/mohana/mhd_superhump/processed_data/Cyl_2/Cyl_2_profile/Cyl_2_density_profile00648_r=8.png
/home/mohana/mhd_superhump/processed_data/Cyl_2/Cyl_2_profile/Cyl_2_density_profile00652_r=8.png
/home/mohana/mhd_superhump/processed_data/Cyl_2/Cyl_2_profile/Cyl_2_density_profile00656_r=8.png
/home/mohana/mhd_superhump/processed_data/Cyl_2/Cyl_2_profile/Cyl_2_density_profile00660_r=8.png
/home/mohana/mhd_superhump/processed_data/Cyl_2/Cyl_2_profile/Cyl_2_density_profile00664_r=8.png
/home/mohana/mhd_superhump/processed_data/Cyl_2/Cyl_2_profile/Cyl_2_density_profile00668_r=8.png
/home/mohana/mhd_superhump/processed_data/Cyl_2/Cyl_2_profile/Cyl_2_density_profile00672_r=8.png
/home/mohana/mhd_superhump/processed_data/Cyl_2/Cyl_2_profile/Cyl_2_density_profile00676_r=8.png
/home/mohana/mhd_superhump/processed_data/Cyl_2/Cyl_2_profile/Cyl_2_density_profile00680_r=8.png
/home/mohana/mhd_superhump/processed_data/Cyl_2/Cyl_2_profile/Cyl_2_density_profile00684_r=8.png
/home/mohana/mhd_superhump/processed_data/Cyl_2/Cyl_2_profile/Cyl_2_density_profile00688_r=8.png
/home/mohana/mhd_superhump/processed_data/Cyl_2/Cyl_2_profile/Cyl_2_density_profile00692_r=8.png
/home/mohana/mhd_superhump/processed_data/Cyl_2/Cyl_2_profile/Cyl_2_density_profile00696_r=8.png
/home/mohana/mhd_superhump/processed_data/Cyl_2/Cyl_2_profile/Cyl_2_density_profile00700_r=8.png
/home/mohana/mhd_superhump/processed_data/Cyl_2/Cyl_2_profile/Cyl_2_density_profile00704_r=8.png
/home/mohana/mhd_superhump/processed_data/Cyl_2/Cyl_2_profile/Cyl_2_density_profile00708_r=8.png
/home/mohana/mhd_superhump/processed_data/Cyl_2/Cyl_2_profile/Cyl_2_density_profile00712_r=8.png
/home/mohana/mhd_superhump/processed_data/Cyl_2/Cyl_2_profile/Cyl_2_density_profile00716_r=8.png
/home/mohana/mhd_superhump/processed_data/Cyl_2/Cyl_2_profile/Cyl_2_density_profile00720_r=8.png
/home/mohana/mhd_superhump/processed_data/Cyl_2/Cyl_2_profile/Cyl_2_density_profile00724_r=8.png
/home/mohana/mhd_superhump/processed_data/Cyl_2/Cyl_2_profile/Cyl_2_density_profile00728_r=8.png
/home/mohana/mhd_superhump/processed_data/Cyl_2/Cyl_2_profile/Cyl_2_density_profile00732_r=8.png
/home/mohana/mhd_superhump/processed_data/Cyl_2/Cyl_2_profile/Cyl_2_density_profile00736_r=8.png
/home/mohana/mhd_superhump/processed_data/Cyl_2/Cyl_2_profile/Cyl_2_density_profile00740_r=8.png
/home/mohana/mhd_superhump/processed_data/Cyl_2/Cyl_2_profile/Cyl_2_density_profile00744_r=8.png
/home/mohana/mhd_superhump/processed_data/Cyl_2/Cyl_2_profile/Cyl_2_density_profile00748_r=8.png
/home/mohana/mhd_superhump/processed_data/Cyl_2/Cyl_2_profile/Cyl_2_density_profile00752_r=8.png
/home/mohana/mhd_superhump/processed_data/Cyl_2/Cyl_2_profile/Cyl_2_density_profile00756_r=8.png
/home/mohana/mhd_superhump/processed_data/Cyl_2/Cyl_2_profile/Cyl_2_density_profile00760_r=8.png
/home/mohana/mhd_superhump/processed_data/Cyl_2/Cyl_2_profile/Cyl_2_density_profile00764_r=8.png
/home/mohana/mhd_superhump/processed_data/Cyl_2/Cyl_2_profile/Cyl_2_density_profile00768_r=8.png
/home/mohana/mhd_superhump/processed_data/Cyl_2/Cyl_2_profile/Cyl_2_density_profile00772_r=8.png
/home/mohana/mhd_superhump/processed_data/Cyl_2/Cyl_2_profile/Cyl_2_density_profile00776_r=8.png
/home/mohana/mhd_superhump/processed_data/Cyl_2/Cyl_2_profile/Cyl_2_density_profile00780_r=8.png
/home/mohana/mhd_superhump/processed_data/Cyl_2/Cyl_2_profile/Cyl_2_density_profile00784_r=8.png
/home/mohana/mhd_superhump/processed_data/Cyl_2/Cyl_2_profile/Cyl_2_density_profile00788_r=8.png
/home/mohana/mhd_superhump/processed_data/Cyl_2/Cyl_2_profile/Cyl_2_density_profile00792_r=8.png
/home/mohana/mhd_superhump/processed_data/Cyl_2/Cyl_2_profile/Cyl_2_density_profile00796_r=8.png
/home/mohana/mhd_superhump/processed_data/Cyl_2/Cyl_2_profile/Cyl_2_density_profile00800_r=8.png
/home/mohana/mhd_superhump/processed_data/Cyl_2/Cyl_2_profile/Cyl_2_density_profile00804_r=8.png
/home/mohana/mhd_superhump/processed_data/Cyl_2/Cyl_2_profile/Cyl_2_density_profile00808_r=8.png
/home/mohana/mhd_superhump/processed_data/Cyl_2/Cyl_2_profile/Cyl_2_density_profile00812_r=8.png
/home/mohana/mhd_superhump/processed_data/Cyl_2/Cyl_2_profile/Cyl_2_density_profile00816_r=8.png
/home/mohana/mhd_superhump/processed_data/Cyl_2/Cyl_2_profile/Cyl_2_density_profile00820_r=8.png
/home/mohana/mhd_superhump/processed_data/Cyl_2/Cyl_2_profile/Cyl_2_density_profile00824_r=8.png
/home/mohana/mhd_superhump/processed_data/Cyl_2/Cyl_2_profile/Cyl_2_density_profile00828_r=8.png
/home/mohana/mhd_superhump/processed_data/Cyl_2/Cyl_2_profile/Cyl_2_density_profile00832_r=8.png
/home/mohana/mhd_superhump/processed_data/Cyl_2/Cyl_2_profile/Cyl_2_density_profile00836_r=8.png
/home/mohana/mhd_superhump/processed_data/Cyl_2/Cyl_2_profile/Cyl_2_density_profile00840_r=8.png
/home/mohana/mhd_superhump/processed_data/Cyl_2/Cyl_2_profile/Cyl_2_density_profile00844_r=8.png
/home/mohana/mhd_superhump/processed_data/Cyl_2/Cyl_2_profile/Cyl_2_density_profile00848_r=8.png
/home/mohana/mhd_superhump/processed_data/Cyl_2/Cyl_2_profile/Cyl_2_density_profile00852_r=8.png
/home/mohana/mhd_superhump/processed_data/Cyl_2/Cyl_2_profile/Cyl_2_density_profile00856_r=8.png
/home/mohana/mhd_superhump/processed_data/Cyl_2/Cyl_2_profile/Cyl_2_density_profile00860_r=8.png
/home/mohana/mhd_superhump/processed_data/Cyl_2/Cyl_2_profile/Cyl_2_density_profile00864_r=8.png
/home/mohana/mhd_superhump/processed_data/Cyl_2/Cyl_2_profile/Cyl_2_density_profile00868_r=8.png
/home/mohana/mhd_superhump/processed_data/Cyl_2/Cyl_2_profile/Cyl_2_density_profile00872_r=8.png
/home/mohana/mhd_superhump/processed_data/Cyl_2/Cyl_2_profile/Cyl_2_density_profile00876_r=8.png
/home/mohana/mhd_superhump/processed_data/Cyl_2/Cyl_2_profile/Cyl_2_density_profile00880_r=8.png
/home/mohana/mhd_superhump/processed_data/Cyl_2/Cyl_2_profile/Cyl_2_density_profile00884_r=8.png
/home/mohana/mhd_superhump/processed_data/Cyl_2/Cyl_2_profile/Cyl_2_density_profile00888_r=8.png
/home/mohana/mhd_superhump/processed_data/Cyl_2/Cyl_2_profile/Cyl_2_density_profile00892_r=8.png
/home/mohana/mhd_superhump/processed_data/Cyl_2/Cyl_2_profile/Cyl_2_density_profile00896_r=8.png
/home/mohana/mhd_superhump/processed_data/Cyl_2/Cyl_2_profile/Cyl_2_density_profile00900_r=8.png
/home/mohana/mhd_superhump/processed_data/Cyl_2/Cyl_2_profile/Cyl_2_density_profile00904_r=8.png
/home/mohana/mhd_superhump/processed_data/Cyl_2/Cyl_2_profile/Cyl_2_density_profile00908_r=8.png
/home/mohana/mhd_superhump/processed_data/Cyl_2/Cyl_2_profile/Cyl_2_density_profile00912_r=8.png
/home/mohana/mhd_superhump/processed_data/Cyl_2/Cyl_2_profile/Cyl_2_density_profile00916_r=8.png
/home/mohana/mhd_superhump/processed_data/Cyl_2/Cyl_2_profile/Cyl_2_density_profile00920_r=8.png
/home/mohana/mhd_superhump/processed_data/Cyl_2/Cyl_2_profile/Cyl_2_density_profile00924_r=8.png
/home/mohana/mhd_superhump/processed_data/Cyl_2/Cyl_2_profile/Cyl_2_density_profile00928_r=8.png
/home/mohana/mhd_superhump/processed_data/Cyl_2/Cyl_2_profile/Cyl_2_density_profile00932_r=8.png
/home/mohana/mhd_superhump/processed_data/Cyl_2/Cyl_2_profile/Cyl_2_density_profile00936_r=8.png
/home/mohana/mhd_superhump/processed_data/Cyl_2/Cyl_2_profile/Cyl_2_density_profile00940_r=8.png
/home/mohana/mhd_superhump/processed_data/Cyl_2/Cyl_2_profile/Cyl_2_density_profile00944_r=8.png
/home/mohana/mhd_superhump/processed_data/Cyl_2/Cyl_2_profile/Cyl_2_density_profile00948_r=8.png
/home/mohana/mhd_superhump/processed_data/Cyl_2/Cyl_2_profile/Cyl_2_density_profile00952_r=8.png
/home/mohana/mhd_superhump/processed_data/Cyl_2/Cyl_2_profile/Cyl_2_density_profile00956_r=8.png
/home/mohana/mhd_superhump/processed_data/Cyl_2/Cyl_2_profile/Cyl_2_density_profile00960_r=8.png
/home/mohana/mhd_superhump/processed_data/Cyl_2/Cyl_2_profile/Cyl_2_density_profile00964_r=8.png
/home/mohana/mhd_superhump/processed_data/Cyl_2/Cyl_2_profile/Cyl_2_density_profile00968_r=8.png
/home/mohana/mhd_superhump/processed_data/Cyl_2/Cyl_2_profile/Cyl_2_density_profile00972_r=8.png
/home/mohana/mhd_superhump/processed_data/Cyl_2/Cyl_2_profile/Cyl_2_density_profile00976_r=8.png
/home/mohana/mhd_superhump/processed_data/Cyl_2/Cyl_2_profile/Cyl_2_density_profile00980_r=8.png
/home/mohana/mhd_superhump/processed_data/Cyl_2/Cyl_2_profile/Cyl_2_density_profile00984_r=8.png
/home/mohana/mhd_superhump/processed_data/Cyl_2/Cyl_2_profile/Cyl_2_density_profile00988_r=8.png
/home/mohana/mhd_superhump/processed_data/Cyl_2/Cyl_2_profile/Cyl_2_density_profile00992_r=8.png
/home/mohana/mhd_superhump/processed_data/Cyl_2/Cyl_2_profile/Cyl_2_density_profile00996_r=8.png
/home/mohana/mhd_superhump/processed_data/Cyl_2/Cyl_2_profile/Cyl_2_density_profile01000_r=8.png
/home/mohana/mhd_superhump/processed_data/Cyl_2/Cyl_2_profile/Cyl_2_density_profile01004_r=8.png
/home/mohana/mhd_superhump/processed_data/Cyl_2/Cyl_2_profile/Cyl_2_density_profile01008_r=8.png
/home/mohana/mhd_superhump/processed_data/Cyl_2/Cyl_2_profile/Cyl_2_density_profile01012_r=8.png
/home/mohana/mhd_superhump/processed_data/Cyl_2/Cyl_2_profile/Cyl_2_density_profile01016_r=8.png
/home/mohana/mhd_superhump/processed_data/Cyl_2/Cyl_2_profile/Cyl_2_density_profile01020_r=8.png
/home/mohana/mhd_superhump/processed_data/Cyl_2/Cyl_2_profile/Cyl_2_density_profile01024_r=8.png
/home/mohana/mhd_superhump/processed_data/Cyl_2/Cyl_2_profile/Cyl_2_density_profile01028_r=8.png
/home/mohana/mhd_superhump/processed_data/Cyl_2/Cyl_2_profile/Cyl_2_density_profile01032_r=8.png
/home/mohana/mhd_superhump/processed_data/Cyl_2/Cyl_2_profile/Cyl_2_density_profile01036_r=8.png
/home/mohana/mhd_superhump/processed_data/Cyl_2/Cyl_2_profile/Cyl_2_density_profile01040_r=8.png
/home/mohana/mhd_superhump/processed_data/Cyl_2/Cyl_2_profile/Cyl_2_density_profile01044_r=8.png
/home/mohana/mhd_superhump/processed_data/Cyl_2/Cyl_2_profile/Cyl_2_density_profile01048_r=8.png
/home/mohana/mhd_superhump/processed_data/Cyl_2/Cyl_2_profile/Cyl_2_density_profile01052_r=8.png
/home/mohana/mhd_superhump/processed_data/Cyl_2/Cyl_2_profile/Cyl_2_density_profile01056_r=8.png
/home/mohana/mhd_superhump/processed_data/Cyl_2/Cyl_2_profile/Cyl_2_density_profile01060_r=8.png
/home/mohana/mhd_superhump/processed_data/Cyl_2/Cyl_2_profile/Cyl_2_density_profile01064_r=8.png
/home/mohana/mhd_superhump/processed_data/Cyl_2/Cyl_2_profile/Cyl_2_density_profile01068_r=8.png
/home/mohana/mhd_superhump/processed_data/Cyl_2/Cyl_2_profile/Cyl_2_density_profile01072_r=8.png
/home/mohana/mhd_superhump/processed_data/Cyl_2/Cyl_2_profile/Cyl_2_density_profile01076_r=8.png
/home/mohana/mhd_superhump/processed_data/Cyl_2/Cyl_2_profile/Cyl_2_density_profile01080_r=8.png
/home/mohana/mhd_superhump/processed_data/Cyl_2/Cyl_2_profile/Cyl_2_density_profile01084_r=8.png
/home/mohana/mhd_superhump/processed_data/Cyl_2/Cyl_2_profile/Cyl_2_density_profile01088_r=8.png
/home/mohana/mhd_superhump/processed_data/Cyl_2/Cyl_2_profile/Cyl_2_density_profile01092_r=8.png
/home/mohana/mhd_superhump/processed_data/Cyl_2/Cyl_2_profile/Cyl_2_density_profile01096_r=8.png
/home/mohana/mhd_superhump/processed_data/Cyl_2/Cyl_2_profile/Cyl_2_density_profile01100_r=8.png
/home/mohana/mhd_superhump/processed_data/Cyl_2/Cyl_2_profile/Cyl_2_density_profile01104_r=8.png
/home/mohana/mhd_superhump/processed_data/Cyl_2/Cyl_2_profile/Cyl_2_density_profile01108_r=8.png
/home/mohana/mhd_superhump/processed_data/Cyl_2/Cyl_2_profile/Cyl_2_density_profile01112_r=8.png
/home/mohana/mhd_superhump/processed_data/Cyl_2/Cyl_2_profile/Cyl_2_density_profile01116_r=8.png
/home/mohana/mhd_superhump/processed_data/Cyl_2/Cyl_2_profile/Cyl_2_density_profile01120_r=8.png
/home/mohana/mhd_superhump/processed_data/Cyl_2/Cyl_2_profile/Cyl_2_density_profile01124_r=8.png
/home/mohana/mhd_superhump/processed_data/Cyl_2/Cyl_2_profile/Cyl_2_density_profile01128_r=8.png
/home/mohana/mhd_superhump/processed_data/Cyl_2/Cyl_2_profile/Cyl_2_density_profile01132_r=8.png
/home/mohana/mhd_superhump/processed_data/Cyl_2/Cyl_2_profile/Cyl_2_density_profile01136_r=8.png
/home/mohana/mhd_superhump/processed_data/Cyl_2/Cyl_2_profile/Cyl_2_density_profile01140_r=8.png
/home/mohana/mhd_superhump/processed_data/Cyl_2/Cyl_2_profile/Cyl_2_density_profile01144_r=8.png
/home/mohana/mhd_superhump/processed_data/Cyl_2/Cyl_2_profile/Cyl_2_density_profile01148_r=8.png
/home/mohana/mhd_superhump/processed_data/Cyl_2/Cyl_2_profile/Cyl_2_density_profile01152_r=8.png
/home/mohana/mhd_superhump/processed_data/Cyl_2/Cyl_2_profile/Cyl_2_density_profile01156_r=8.png
/home/mohana/mhd_superhump/processed_data/Cyl_2/Cyl_2_profile/Cyl_2_density_profile01160_r=8.png
/home/mohana/mhd_superhump/processed_data/Cyl_2/Cyl_2_profile/Cyl_2_density_profile01164_r=8.png
/home/mohana/mhd_superhump/processed_data/Cyl_2/Cyl_2_profile/Cyl_2_density_profile01168_r=8.png
/home/mohana/mhd_superhump/processed_data/Cyl_2/Cyl_2_profile/Cyl_2_density_profile01172_r=8.png
/home/mohana/mhd_superhump/processed_data/Cyl_2/Cyl_2_profile/Cyl_2_density_profile01176_r=8.png
/home/mohana/mhd_superhump/processed_data/Cyl_2/Cyl_2_profile/Cyl_2_density_profile01180_r=8.png
/home/mohana/mhd_superhump/processed_data/Cyl_2/Cyl_2_profile/Cyl_2_density_profile01184_r=8.png
/home/mohana/mhd_superhump/processed_data/Cyl_2/Cyl_2_profile/Cyl_2_density_profile01188_r=8.png
/home/mohana/mhd_superhump/processed_data/Cyl_2/Cyl_2_profile/Cyl_2_density_profile01192_r=8.png
/home/mohana/mhd_superhump/processed_data/Cyl_2/Cyl_2_profile/Cyl_2_density_profile01196_r=8.png
/home/mohana/mhd_superhump/processed_data/Cyl_2/Cyl_2_profile/Cyl_2_density_profile01200_r=8.png
/home/mohana/mhd_superhump/processed_data/Cyl_2/Cyl_2_profile/Cyl_2_density_profile01204_r=8.png
/home/mohana/mhd_superhump/processed_data/Cyl_2/Cyl_2_profile/Cyl_2_density_profile01208_r=8.png
/home/mohana/mhd_superhump/processed_data/Cyl_2/Cyl_2_profile/Cyl_2_density_profile01212_r=8.png
/home/mohana/mhd_superhump/processed_data/Cyl_2/Cyl_2_profile/Cyl_2_density_profile01216_r=8.png
/home/mohana/mhd_superhump/processed_data/Cyl_2/Cyl_2_profile/Cyl_2_density_profile01220_r=8.png
/home/mohana/mhd_superhump/processed_data/Cyl_2/Cyl_2_profile/Cyl_2_density_profile01224_r=8.png
/home/mohana/mhd_superhump/processed_data/Cyl_2/Cyl_2_profile/Cyl_2_density_profile01228_r=8.png
/home/mohana/mhd_superhump/processed_data/Cyl_2/Cyl_2_profile/Cyl_2_density_profile01232_r=8.png
/home/mohana/mhd_superhump/processed_data/Cyl_2/Cyl_2_profile/Cyl_2_density_profile01236_r=8.png
/home/mohana/mhd_superhump/processed_data/Cyl_2/Cyl_2_profile/Cyl_2_density_profile01240_r=8.png
/home/mohana/mhd_superhump/processed_data/Cyl_2/Cyl_2_profile/Cyl_2_density_profile01244_r=8.png
/home/mohana/mhd_superhump/processed_data/Cyl_2/Cyl_2_profile/Cyl_2_density_profile01248_r=8.png
/home/mohana/mhd_superhump/processed_data/Cyl_2/Cyl_2_profile/Cyl_2_density_profile01252_r=8.png
/home/mohana/mhd_superhump/processed_data/Cyl_2/Cyl_2_profile/Cyl_2_density_profile01256_r=8.png
/home/mohana/mhd_superhump/processed_data/Cyl_2/Cyl_2_profile/Cyl_2_density_profile01260_r=8.png
/home/mohana/mhd_superhump/processed_data/Cyl_2/Cyl_2_profile/Cyl_2_density_profile01264_r=8.png
/home/mohana/mhd_superhump/processed_data/Cyl_2/Cyl_2_profile/Cyl_2_density_profile01268_r=8.png
/home/mohana/mhd_superhump/processed_data/Cyl_2/Cyl_2_profile/Cyl_2_density_profile01272_r=8.png
/home/mohana/mhd_superhump/processed_data/Cyl_2/Cyl_2_profile/Cyl_2_density_profile01276_r=8.png
/home/mohana/mhd_superhump/processed_data/Cyl_2/Cyl_2_profile/Cyl_2_density_profile01280_r=8.png
/home/mohana/mhd_superhump/processed_data/Cyl_2/Cyl_2_profile/Cyl_2_density_profile01284_r=8.png
/home/mohana/mhd_superhump/processed_data/Cyl_2/Cyl_2_profile/Cyl_2_density_profile01288_r=8.png
/home/mohana/mhd_superhump/processed_data/Cyl_2/Cyl_2_profile/Cyl_2_density_profile01292_r=8.png
/home/mohana/mhd_superhump/processed_data/Cyl_2/Cyl_2_profile/Cyl_2_density_profile01296_r=8.png
/home/mohana/mhd_superhump/processed_data/Cyl_2/Cyl_2_profile/Cyl_2_density_profile01300_r=8.png
/home/mohana/mhd_superhump/processed_data/Cyl_2/Cyl_2_profile/Cyl_2_density_profile01304_r=8.png
/home/mohana/mhd_superhump/processed_data/Cyl_2/Cyl_2_profile/Cyl_2_density_profile01308_r=8.png
/home/mohana/mhd_superhump/processed_data/Cyl_2/Cyl_2_profile/Cyl_2_density_profile01312_r=8.png
/home/mohana/mhd_superhump/processed_data/Cyl_2/Cyl_2_profile/Cyl_2_density_profile01316_r=8.png
/home/mohana/mhd_superhump/processed_data/Cyl_2/Cyl_2_profile/Cyl_2_density_profile01320_r=8.png
/home/mohana/mhd_superhump/processed_data/Cyl_2/Cyl_2_profile/Cyl_2_density_profile01324_r=8.png
/home/mohana/mhd_superhump/processed_data/Cyl_2/Cyl_2_profile/Cyl_2_density_profile01328_r=8.png
/home/mohana/mhd_superhump/processed_data/Cyl_2/Cyl_2_profile/Cyl_2_density_profile01332_r=8.png
/home/mohana/mhd_superhump/processed_data/Cyl_2/Cyl_2_profile/Cyl_2_density_profile01336_r=8.png
/home/mohana/mhd_superhump/processed_data/Cyl_2/Cyl_2_profile/Cyl_2_density_profile01340_r=8.png
/home/mohana/mhd_superhump/processed_data/Cyl_2/Cyl_2_profile/Cyl_2_density_profile01344_r=8.png
/home/mohana/mhd_superhump/processed_data/Cyl_2/Cyl_2_profile/Cyl_2_density_profile01348_r=8.png
/home/mohana/mhd_superhump/processed_data/Cyl_2/Cyl_2_profile/Cyl_2_density_profile01352_r=8.png
/home/mohana/mhd_superhump/processed_data/Cyl_2/Cyl_2_profile/Cyl_2_density_profile01356_r=8.png
/home/mohana/mhd_superhump/processed_data/Cyl_2/Cyl_2_profile/Cyl_2_density_profile01360_r=8.png
/home/mohana/mhd_superhump/processed_data/Cyl_2/Cyl_2_profile/Cyl_2_density_profile01364_r=8.png
/home/mohana/mhd_superhump/processed_data/Cyl_2/Cyl_2_profile/Cyl_2_density_profile01368_r=8.png
/home/mohana/mhd_superhump/processed_data/Cyl_2/Cyl_2_profile/Cyl_2_density_profile01372_r=8.png
/home/mohana/mhd_superhump/processed_data/Cyl_2/Cyl_2_profile/Cyl_2_density_profile01376_r=8.png
/home/mohana/mhd_superhump/processed_data/Cyl_2/Cyl_2_profile/Cyl_2_density_profile01380_r=8.png
/home/mohana/mhd_superhump/processed_data/Cyl_2/Cyl_2_profile/Cyl_2_density_profile01384_r=8.png
/home/mohana/mhd_superhump/processed_data/Cyl_2/Cyl_2_profile/Cyl_2_density_profile01388_r=8.png
/home/mohana/mhd_superhump/processed_data/Cyl_2/Cyl_2_profile/Cyl_2_density_profile01392_r=8.png
/home/mohana/mhd_superhump/processed_data/Cyl_2/Cyl_2_profile/Cyl_2_density_profile01396_r=8.png
/home/mohana/mhd_superhump/processed_data/Cyl_2/Cyl_2_profile/Cyl_2_density_profile01400_r=8.png
/home/mohana/mhd_superhump/processed_data/Cyl_2/Cyl_2_profile/Cyl_2_density_profile01404_r=8.png
/home/mohana/mhd_superhump/processed_data/Cyl_2/Cyl_2_profile/Cyl_2_density_profile01408_r=8.png
/home/mohana/mhd_superhump/processed_data/Cyl_2/Cyl_2_profile/Cyl_2_density_profile01412_r=8.png
/home/mohana/mhd_superhump/processed_data/Cyl_2/Cyl_2_profile/Cyl_2_density_profile01416_r=8.png
/home/mohana/mhd_superhump/processed_data/Cyl_2/Cyl_2_profile/Cyl_2_density_profile01420_r=8.png
/home/mohana/mhd_superhump/processed_data/Cyl_2/Cyl_2_profile/Cyl_2_density_profile01424_r=8.png
/home/mohana/mhd_superhump/processed_data/Cyl_2/Cyl_2_profile/Cyl_2_density_profile01428_r=8.png
/home/mohana/mhd_superhump/processed_data/Cyl_2/Cyl_2_profile/Cyl_2_density_profile01432_r=8.png
/home/mohana/mhd_superhump/processed_data/Cyl_2/Cyl_2_profile/Cyl_2_density_profile01436_r=8.png
/home/mohana/mhd_superhump/processed_data/Cyl_2/Cyl_2_profile/Cyl_2_density_profile01440_r=8.png
/home/mohana/mhd_superhump/processed_data/Cyl_2/Cyl_2_profile/Cyl_2_density_profile01444_r=8.png
/home/mohana/mhd_superhump/processed_data/Cyl_2/Cyl_2_profile/Cyl_2_density_profile01448_r=8.png
/home/mohana/mhd_superhump/processed_data/Cyl_2/Cyl_2_profile/Cyl_2_density_profile01452_r=8.png
/home/mohana/mhd_superhump/processed_data/Cyl_2/Cyl_2_profile/Cyl_2_density_profile01456_r=8.png
/home/mohana/mhd_superhump/processed_data/Cyl_2/Cyl_2_profile/Cyl_2_density_profile01460_r=8.png
/home/mohana/mhd_superhump/processed_data/Cyl_2/Cyl_2_profile/Cyl_2_density_profile01464_r=8.png
/home/mohana/mhd_superhump/processed_data/Cyl_2/Cyl_2_profile/Cyl_2_density_profile01468_r=8.png
/home/mohana/mhd_superhump/processed_data/Cyl_2/Cyl_2_profile/Cyl_2_density_profile01472_r=8.png
/home/mohana/mhd_superhump/processed_data/Cyl_2/Cyl_2_profile/Cyl_2_density_profile01476_r=8.png
/home/mohana/mhd_superhump/processed_data/Cyl_2/Cyl_2_profile/Cyl_2_density_profile01480_r=8.png
/home/mohana/mhd_superhump/processed_data/Cyl_2/Cyl_2_profile/Cyl_2_density_profile01484_r=8.png
/home/mohana/mhd_superhump/processed_data/Cyl_2/Cyl_2_profile/Cyl_2_density_profile01488_r=8.png
/home/mohana/mhd_superhump/processed_data/Cyl_2/Cyl_2_profile/Cyl_2_density_profile01492_r=8.png
/home/mohana/mhd_superhump/processed_data/Cyl_2/Cyl_2_profile/Cyl_2_density_profile01496_r=8.png
/home/mohana/mhd_superhump/processed_data/Cyl_2/Cyl_2_profile/Cyl_2_density_profile01500_r=8.png
/home/mohana/mhd_superhump/processed_data/Cyl_2/Cyl_2_profile/Cyl_2_density_profile01504_r=8.png
/home/mohana/mhd_superhump/processed_data/Cyl_2/Cyl_2_profile/Cyl_2_density_profile01508_r=8.png
/home/mohana/mhd_superhump/processed_data/Cyl_2/Cyl_2_profile/Cyl_2_density_profile01512_r=8.png
/home/mohana/mhd_superhump/processed_data/Cyl_2/Cyl_2_profile/Cyl_2_density_profile01516_r=8.png
/home/mohana/mhd_superhump/processed_data/Cyl_2/Cyl_2_profile/Cyl_2_density_profile01520_r=8.png
/home/mohana/mhd_superhump/processed_data/Cyl_2/Cyl_2_profile/Cyl_2_density_profile01524_r=8.png
/home/mohana/mhd_superhump/processed_data/Cyl_2/Cyl_2_profile/Cyl_2_density_profile01528_r=8.png
/home/mohana/mhd_superhump/processed_data/Cyl_2/Cyl_2_profile/Cyl_2_density_profile01532_r=8.png
/home/mohana/mhd_superhump/processed_data/Cyl_2/Cyl_2_profile/Cyl_2_density_profile01536_r=8.png
/home/mohana/mhd_superhump/processed_data/Cyl_2/Cyl_2_profile/Cyl_2_density_profile01540_r=8.png
/home/mohana/mhd_superhump/processed_data/Cyl_2/Cyl_2_profile/Cyl_2_density_profile01544_r=8.png
/home/mohana/mhd_superhump/processed_data/Cyl_2/Cyl_2_profile/Cyl_2_density_profile01548_r=8.png
/home/mohana/mhd_superhump/processed_data/Cyl_2/Cyl_2_profile/Cyl_2_density_profile01552_r=8.png
/home/mohana/mhd_superhump/processed_data/Cyl_2/Cyl_2_profile/Cyl_2_density_profile01556_r=8.png
/home/mohana/mhd_superhump/processed_data/Cyl_2/Cyl_2_profile/Cyl_2_density_profile01560_r=8.png
/home/mohana/mhd_superhump/processed_data/Cyl_2/Cyl_2_profile/Cyl_2_density_profile01564_r=8.png
/home/mohana/mhd_superhump/processed_data/Cyl_2/Cyl_2_profile/Cyl_2_density_profile01568_r=8.png
/home/mohana/mhd_superhump/processed_data/Cyl_2/Cyl_2_profile/Cyl_2_density_profile01572_r=8.png
/home/mohana/mhd_superhump/processed_data/Cyl_2/Cyl_2_profile/Cyl_2_density_profile01576_r=8.png
/home/mohana/mhd_superhump/processed_data/Cyl_2/Cyl_2_profile/Cyl_2_density_profile01580_r=8.png
/home/mohana/mhd_superhump/processed_data/Cyl_2/Cyl_2_profile/Cyl_2_density_profile01584_r=8.png
/home/mohana/mhd_superhump/processed_data/Cyl_2/Cyl_2_profile/Cyl_2_density_profile01588_r=8.png
/home/mohana/mhd_superhump/processed_data/Cyl_2/Cyl_2_profile/Cyl_2_density_profile01592_r=8.png
/home/mohana/mhd_superhump/processed_data/Cyl_2/Cyl_2_profile/Cyl_2_density_profile01596_r=8.png
/home/mohana/mhd_superhump/processed_data/Cyl_2/Cyl_2_profile/Cyl_2_density_profile01600_r=8.png
/home/mohana/mhd_superhump/processed_data/Cyl_2/Cyl_2_profile/Cyl_2_density_profile01604_r=8.png
/home/mohana/mhd_superhump/processed_data/Cyl_2/Cyl_2_profile/Cyl_2_density_profile01608_r=8.png
/home/mohana/mhd_superhump/processed_data/Cyl_2/Cyl_2_profile/Cyl_2_density_profile01612_r=8.png
/home/mohana/mhd_superhump/processed_data/Cyl_2/Cyl_2_profile/Cyl_2_density_profile01616_r=8.png
/home/mohana/mhd_superhump/processed_data/Cyl_2/Cyl_2_profile/Cyl_2_density_profile01620_r=8.png
/home/mohana/mhd_superhump/processed_data/Cyl_2/Cyl_2_profile/Cyl_2_density_profile01624_r=8.png
/home/mohana/mhd_superhump/processed_data/Cyl_2/Cyl_2_profile/Cyl_2_density_profile01628_r=8.png
/home/mohana/mhd_superhump/processed_data/Cyl_2/Cyl_2_profile/Cyl_2_density_profile01632_r=8.png
/home/mohana/mhd_superhump/processed_data/Cyl_2/Cyl_2_profile/Cyl_2_density_profile01636_r=8.png
/home/mohana/mhd_superhump/processed_data/Cyl_2/Cyl_2_profile/Cyl_2_density_profile01640_r=8.png
/home/mohana/mhd_superhump/processed_data/Cyl_2/Cyl_2_profile/Cyl_2_density_profile01644_r=8.png
/home/mohana/mhd_superhump/processed_data/Cyl_2/Cyl_2_profile/Cyl_2_density_profile01648_r=8.png
/home/mohana/mhd_superhump/processed_data/Cyl_2/Cyl_2_profile/Cyl_2_density_profile01652_r=8.png
/home/mohana/mhd_superhump/processed_data/Cyl_2/Cyl_2_profile/Cyl_2_density_profile01656_r=8.png
/home/mohana/mhd_superhump/processed_data/Cyl_2/Cyl_2_profile/Cyl_2_density_profile01660_r=8.png
/home/mohana/mhd_superhump/processed_data/Cyl_2/Cyl_2_profile/Cyl_2_density_profile01664_r=8.png
/home/mohana/mhd_superhump/processed_data/Cyl_2/Cyl_2_profile/Cyl_2_density_profile01668_r=8.png
/home/mohana/mhd_superhump/processed_data/Cyl_2/Cyl_2_profile/Cyl_2_density_profile01672_r=8.png
/home/mohana/mhd_superhump/processed_data/Cyl_2/Cyl_2_profile/Cyl_2_density_profile01676_r=8.png
/home/mohana/mhd_superhump/processed_data/Cyl_2/Cyl_2_profile/Cyl_2_density_profile01680_r=8.png
/home/mohana/mhd_superhump/processed_data/Cyl_2/Cyl_2_profile/Cyl_2_density_profile01684_r=8.png
/home/mohana/mhd_superhump/processed_data/Cyl_2/Cyl_2_profile/Cyl_2_density_profile01688_r=8.png
/home/mohana/mhd_superhump/processed_data/Cyl_2/Cyl_2_profile/Cyl_2_density_profile01692_r=8.png
/home/mohana/mhd_superhump/processed_data/Cyl_2/Cyl_2_profile/Cyl_2_density_profile01696_r=8.png
/home/mohana/mhd_superhump/processed_data/Cyl_2/Cyl_2_profile/Cyl_2_density_profile01700_r=8.png
/home/mohana/mhd_superhump/processed_data/Cyl_2/Cyl_2_profile/Cyl_2_density_profile01704_r=8.png
/home/mohana/mhd_superhump/processed_data/Cyl_2/Cyl_2_profile/Cyl_2_density_profile01708_r=8.png
/home/mohana/mhd_superhump/processed_data/Cyl_2/Cyl_2_profile/Cyl_2_density_profile01712_r=8.png
/home/mohana/mhd_superhump/processed_data/Cyl_2/Cyl_2_profile/Cyl_2_density_profile01716_r=8.png
/home/mohana/mhd_superhump/processed_data/Cyl_2/Cyl_2_profile/Cyl_2_density_profile01720_r=8.png
/home/mohana/mhd_superhump/processed_data/Cyl_2/Cyl_2_profile/Cyl_2_density_profile01724_r=8.png
/home/mohana/mhd_superhump/processed_data/Cyl_2/Cyl_2_profile/Cyl_2_density_profile01728_r=8.png
/home/mohana/mhd_superhump/processed_data/Cyl_2/Cyl_2_profile/Cyl_2_density_profile01732_r=8.png
/home/mohana/mhd_superhump/processed_data/Cyl_2/Cyl_2_profile/Cyl_2_density_profile01736_r=8.png
/home/mohana/mhd_superhump/processed_data/Cyl_2/Cyl_2_profile/Cyl_2_density_profile01740_r=8.png
/home/mohana/mhd_superhump/processed_data/Cyl_2/Cyl_2_profile/Cyl_2_density_profile01744_r=8.png
/home/mohana/mhd_superhump/processed_data/Cyl_2/Cyl_2_profile/Cyl_2_density_profile01748_r=8.png
/home/mohana/mhd_superhump/processed_data/Cyl_2/Cyl_2_profile/Cyl_2_density_profile01752_r=8.png
/home/mohana/mhd_superhump/processed_data/Cyl_2/Cyl_2_profile/Cyl_2_density_profile01756_r=8.png
/home/mohana/mhd_superhump/processed_data/Cyl_2/Cyl_2_profile/Cyl_2_density_profile01760_r=8.png
/home/mohana/mhd_superhump/processed_data/Cyl_2/Cyl_2_profile/Cyl_2_density_profile01764_r=8.png
/home/mohana/mhd_superhump/processed_data/Cyl_2/Cyl_2_profile/Cyl_2_density_profile01768_r=8.png
/home/mohana/mhd_superhump/processed_data/Cyl_2/Cyl_2_profile/Cyl_2_density_profile01772_r=8.png
/home/mohana/mhd_superhump/processed_data/Cyl_2/Cyl_2_profile/Cyl_2_density_profile01776_r=8.png
/home/mohana/mhd_superhump/processed_data/Cyl_2/Cyl_2_profile/Cyl_2_density_profile01780_r=8.png
/home/mohana/mhd_superhump/processed_data/Cyl_2/Cyl_2_profile/Cyl_2_density_profile01784_r=8.png
/home/mohana/mhd_superhump/processed_data/Cyl_2/Cyl_2_profile/Cyl_2_density_profile01788_r=8.png
/home/mohana/mhd_superhump/processed_data/Cyl_2/Cyl_2_profile/Cyl_2_density_profile01792_r=8.png
/home/mohana/mhd_superhump/processed_data/Cyl_2/Cyl_2_profile/Cyl_2_density_profile01796_r=8.png
/home/mohana/mhd_superhump/processed_data/Cyl_2/Cyl_2_profile/Cyl_2_density_profile01800_r=8.png
/home/mohana/mhd_superhump/processed_data/Cyl_2/Cyl_2_profile/Cyl_2_density_profile01804_r=8.png
/home/mohana/mhd_superhump/processed_data/Cyl_2/Cyl_2_profile/Cyl_2_density_profile01808_r=8.png
/home/mohana/mhd_superhump/processed_data/Cyl_2/Cyl_2_profile/Cyl_2_density_profile01812_r=8.png
/home/mohana/mhd_superhump/processed_data/Cyl_2/Cyl_2_profile/Cyl_2_density_profile01816_r=8.png
/home/mohana/mhd_superhump/processed_data/Cyl_2/Cyl_2_profile/Cyl_2_density_profile01820_r=8.png
/home/mohana/mhd_superhump/processed_data/Cyl_2/Cyl_2_profile/Cyl_2_density_profile01824_r=8.png
/home/mohana/mhd_superhump/processed_data/Cyl_2/Cyl_2_profile/Cyl_2_density_profile01828_r=8.png
/home/mohana/mhd_superhump/processed_data/Cyl_2/Cyl_2_profile/Cyl_2_density_profile01832_r=8.png
/home/mohana/mhd_superhump/processed_data/Cyl_2/Cyl_2_profile/Cyl_2_density_profile01836_r=8.png
/home/mohana/mhd_superhump/processed_data/Cyl_2/Cyl_2_profile/Cyl_2_density_profile01840_r=8.png
/home/mohana/mhd_superhump/processed_data/Cyl_2/Cyl_2_profile/Cyl_2_density_profile01844_r=8.png
/home/mohana/mhd_superhump/processed_data/Cyl_2/Cyl_2_profile/Cyl_2_density_profile01848_r=8.png
/home/mohana/mhd_superhump/processed_data/Cyl_2/Cyl_2_profile/Cyl_2_density_profile01852_r=8.png
/home/mohana/mhd_superhump/processed_data/Cyl_2/Cyl_2_profile/Cyl_2_density_profile01856_r=8.png
/home/mohana/mhd_superhump/processed_data/Cyl_2/Cyl_2_profile/Cyl_2_density_profile01860_r=8.png
/home/mohana/mhd_superhump/processed_data/Cyl_2/Cyl_2_profile/Cyl_2_density_profile01864_r=8.png
/home/mohana/mhd_superhump/processed_data/Cyl_2/Cyl_2_profile/Cyl_2_density_profile01868_r=8.png
/home/mohana/mhd_superhump/processed_data/Cyl_2/Cyl_2_profile/Cyl_2_density_profile01872_r=8.png
/home/mohana/mhd_superhump/processed_data/Cyl_2/Cyl_2_profile/Cyl_2_density_profile01876_r=8.png
/home/mohana/mhd_superhump/processed_data/Cyl_2/Cyl_2_profile/Cyl_2_density_profile01880_r=8.png
/home/mohana/mhd_superhump/processed_data/Cyl_2/Cyl_2_profile/Cyl_2_density_profile01884_r=8.png
/home/mohana/mhd_superhump/processed_data/Cyl_2/Cyl_2_profile/Cyl_2_density_profile01888_r=8.png
/home/mohana/mhd_superhump/processed_data/Cyl_2/Cyl_2_profile/Cyl_2_density_profile01892_r=8.png
/home/mohana/mhd_superhump/processed_data/Cyl_2/Cyl_2_profile/Cyl_2_density_profile01896_r=8.png
/home/mohana/mhd_superhump/processed_data/Cyl_2/Cyl_2_profile/Cyl_2_density_profile01900_r=8.png
/home/mohana/mhd_superhump/processed_data/Cyl_2/Cyl_2_profile/Cyl_2_density_profile01904_r=8.png
/home/mohana/mhd_superhump/processed_data/Cyl_2/Cyl_2_profile/Cyl_2_density_profile01908_r=8.png
/home/mohana/mhd_superhump/processed_data/Cyl_2/Cyl_2_profile/Cyl_2_density_profile01912_r=8.png
/home/mohana/mhd_superhump/processed_data/Cyl_2/Cyl_2_profile/Cyl_2_density_profile01916_r=8.png
/home/mohana/mhd_superhump/processed_data/Cyl_2/Cyl_2_profile/Cyl_2_density_profile01920_r=8.png
/home/mohana/mhd_superhump/processed_data/Cyl_2/Cyl_2_profile/Cyl_2_density_profile01924_r=8.png
/home/mohana/mhd_superhump/processed_data/Cyl_2/Cyl_2_profile/Cyl_2_density_profile01928_r=8.png
/home/mohana/mhd_superhump/processed_data/Cyl_2/Cyl_2_profile/Cyl_2_density_profile01932_r=8.png
/home/mohana/mhd_superhump/processed_data/Cyl_2/Cyl_2_profile/Cyl_2_density_profile01936_r=8.png
/home/mohana/mhd_superhump/processed_data/Cyl_2/Cyl_2_profile/Cyl_2_density_profile01940_r=8.png
/home/mohana/mhd_superhump/processed_data/Cyl_2/Cyl_2_profile/Cyl_2_density_profile01944_r=8.png
/home/mohana/mhd_superhump/processed_data/Cyl_2/Cyl_2_profile/Cyl_2_density_profile01948_r=8.png
/home/mohana/mhd_superhump/processed_data/Cyl_2/Cyl_2_profile/Cyl_2_density_profile01952_r=8.png
/home/mohana/mhd_superhump/processed_data/Cyl_2/Cyl_2_profile/Cyl_2_density_profile01956_r=8.png
/home/mohana/mhd_superhump/processed_data/Cyl_2/Cyl_2_profile/Cyl_2_density_profile01960_r=8.png
/home/mohana/mhd_superhump/processed_data/Cyl_2/Cyl_2_profile/Cyl_2_density_profile01964_r=8.png
/home/mohana/mhd_superhump/processed_data/Cyl_2/Cyl_2_profile/Cyl_2_density_profile01968_r=8.png
/home/mohana/mhd_superhump/processed_data/Cyl_2/Cyl_2_profile/Cyl_2_density_profile01972_r=8.png
/home/mohana/mhd_superhump/processed_data/Cyl_2/Cyl_2_profile/Cyl_2_density_profile01976_r=8.png
/home/mohana/mhd_superhump/processed_data/Cyl_2/Cyl_2_profile/Cyl_2_density_profile01980_r=8.png
/home/mohana/mhd_superhump/processed_data/Cyl_2/Cyl_2_profile/Cyl_2_density_profile01984_r=8.png
/home/mohana/mhd_superhump/processed_data/Cyl_2/Cyl_2_profile/Cyl_2_density_profile01988_r=8.png
/home/mohana/mhd_superhump/processed_data/Cyl_2/Cyl_2_profile/Cyl_2_density_profile01992_r=8.png
/home/mohana/mhd_superhump/processed_data/Cyl_2/Cyl_2_profile/Cyl_2_density_profile01996_r=8.png
/home/mohana/mhd_superhump/processed_data/Cyl_2/Cyl_2_profile/Cyl_2_density_profile02004_r=8.png
/home/mohana/mhd_superhump/processed_data/Cyl_2/Cyl_2_profile/Cyl_2_density_profile02008_r=8.png
/home/mohana/mhd_superhump/processed_data/Cyl_2/Cyl_2_profile/Cyl_2_density_profile02012_r=8.png
/home/mohana/mhd_superhump/processed_data/Cyl_2/Cyl_2_profile/Cyl_2_density_profile02016_r=8.png
/home/mohana/mhd_superhump/processed_data/Cyl_2/Cyl_2_profile/Cyl_2_density_profile02020_r=8.png
/home/mohana/mhd_superhump/processed_data/Cyl_2/Cyl_2_profile/Cyl_2_density_profile02024_r=8.png
/home/mohana/mhd_superhump/processed_data/Cyl_2/Cyl_2_profile/Cyl_2_density_profile02028_r=8.png
/home/mohana/mhd_superhump/processed_data/Cyl_2/Cyl_2_profile/Cyl_2_density_profile02032_r=8.png
/home/mohana/mhd_superhump/processed_data/Cyl_2/Cyl_2_profile/Cyl_2_density_profile02036_r=8.png
/home/mohana/mhd_superhump/processed_data/Cyl_2/Cyl_2_profile/Cyl_2_density_profile02040_r=8.png
/home/mohana/mhd_superhump/processed_data/Cyl_2/Cyl_2_profile/Cyl_2_density_profile02044_r=8.png
/home/mohana/mhd_superhump/processed_data/Cyl_2/Cyl_2_profile/Cyl_2_density_profile02048_r=8.png
/home/mohana/mhd_superhump/processed_data/Cyl_2/Cyl_2_profile/Cyl_2_density_profile02052_r=8.png
/home/mohana/mhd_superhump/processed_data/Cyl_2/Cyl_2_profile/Cyl_2_density_profile02056_r=8.png
/home/mohana/mhd_superhump/processed_data/Cyl_2/Cyl_2_profile/Cyl_2_density_profile02060_r=8.png
/home/mohana/mhd_superhump/processed_data/Cyl_2/Cyl_2_profile/Cyl_2_density_profile02064_r=8.png
/home/mohana/mhd_superhump/processed_data/Cyl_2/Cyl_2_profile/Cyl_2_density_profile02068_r=8.png
/home/mohana/mhd_superhump/processed_data/Cyl_2/Cyl_2_profile/Cyl_2_density_profile02072_r=8.png
/home/mohana/mhd_superhump/processed_data/Cyl_2/Cyl_2_profile/Cyl_2_density_profile02076_r=8.png
/home/mohana/mhd_superhump/processed_data/Cyl_2/Cyl_2_profile/Cyl_2_density_profile02080_r=8.png
/home/mohana/mhd_superhump/processed_data/Cyl_2/Cyl_2_profile/Cyl_2_density_profile02084_r=8.png
/home/mohana/mhd_superhump/processed_data/Cyl_2/Cyl_2_profile/Cyl_2_density_profile02088_r=8.png
/home/mohana/mhd_superhump/processed_data/Cyl_2/Cyl_2_profile/Cyl_2_density_profile02092_r=8.png
/home/mohana/mhd_superhump/processed_data/Cyl_2/Cyl_2_profile/Cyl_2_density_profile02096_r=8.png
/home/mohana/mhd_superhump/processed_data/Cyl_2/Cyl_2_profile/Cyl_2_density_profile02100_r=8.png
/home/mohana/mhd_superhump/processed_data/Cyl_2/Cyl_2_profile/Cyl_2_density_profile02104_r=8.png
/home/mohana/mhd_superhump/processed_data/Cyl_2/Cyl_2_profile/Cyl_2_density_profile02108_r=8.png
/home/mohana/mhd_superhump/processed_data/Cyl_2/Cyl_2_profile/Cyl_2_density_profile02112_r=8.png
/home/mohana/mhd_superhump/processed_data/Cyl_2/Cyl_2_profile/Cyl_2_density_profile02116_r=8.png
/home/mohana/mhd_superhump/processed_data/Cyl_2/Cyl_2_profile/Cyl_2_density_profile02120_r=8.png
/home/mohana/mhd_superhump/processed_data/Cyl_2/Cyl_2_profile/Cyl_2_density_profile02124_r=8.png
/home/mohana/mhd_superhump/processed_data/Cyl_2/Cyl_2_profile/Cyl_2_density_profile02128_r=8.png
/home/mohana/mhd_superhump/processed_data/Cyl_2/Cyl_2_profile/Cyl_2_density_profile02132_r=8.png
/home/mohana/mhd_superhump/processed_data/Cyl_2/Cyl_2_profile/Cyl_2_density_profile02136_r=8.png
/home/mohana/mhd_superhump/processed_data/Cyl_2/Cyl_2_profile/Cyl_2_density_profile02140_r=8.png
/home/mohana/mhd_superhump/processed_data/Cyl_2/Cyl_2_profile/Cyl_2_density_profile02144_r=8.png
/home/mohana/mhd_superhump/processed_data/Cyl_2/Cyl_2_profile/Cyl_2_density_profile02148_r=8.png
/home/mohana/mhd_superhump/processed_data/Cyl_2/Cyl_2_profile/Cyl_2_density_profile02152_r=8.png
/home/mohana/mhd_superhump/processed_data/Cyl_2/Cyl_2_profile/Cyl_2_density_profile02156_r=8.png
/home/mohana/mhd_superhump/processed_data/Cyl_2/Cyl_2_profile/Cyl_2_density_profile02160_r=8.png
/home/mohana/mhd_superhump/processed_data/Cyl_2/Cyl_2_profile/Cyl_2_density_profile02164_r=8.png
/home/mohana/mhd_superhump/processed_data/Cyl_2/Cyl_2_profile/Cyl_2_density_profile02168_r=8.png
/home/mohana/mhd_superhump/processed_data/Cyl_2/Cyl_2_profile/Cyl_2_density_profile02172_r=8.png
/home/mohana/mhd_superhump/processed_data/Cyl_2/Cyl_2_profile/Cyl_2_density_profile02176_r=8.png
/home/mohana/mhd_superhump/processed_data/Cyl_2/Cyl_2_profile/Cyl_2_density_profile02180_r=8.png
/home/mohana/mhd_superhump/processed_data/Cyl_2/Cyl_2_profile/Cyl_2_density_profile02184_r=8.png
/home/mohana/mhd_superhump/processed_data/Cyl_2/Cyl_2_profile/Cyl_2_density_profile02188_r=8.png
/home/mohana/mhd_superhump/processed_data/Cyl_2/Cyl_2_profile/Cyl_2_density_profile02192_r=8.png
/home/mohana/mhd_superhump/processed_data/Cyl_2/Cyl_2_profile/Cyl_2_density_profile02196_r=8.png
/home/mohana/mhd_superhump/processed_data/Cyl_2/Cyl_2_profile/Cyl_2_density_profile02200_r=8.png
/home/mohana/mhd_superhump/processed_data/Cyl_2/Cyl_2_profile/Cyl_2_density_profile02204_r=8.png
/home/mohana/mhd_superhump/processed_data/Cyl_2/Cyl_2_profile/Cyl_2_density_profile02208_r=8.png
/home/mohana/mhd_superhump/processed_data/Cyl_2/Cyl_2_profile/Cyl_2_density_profile02212_r=8.png
/home/mohana/mhd_superhump/processed_data/Cyl_2/Cyl_2_profile/Cyl_2_density_profile02216_r=8.png
/home/mohana/mhd_superhump/processed_data/Cyl_2/Cyl_2_profile/Cyl_2_density_profile02220_r=8.png
/home/mohana/mhd_superhump/processed_data/Cyl_2/Cyl_2_profile/Cyl_2_density_profile02224_r=8.png
/home/mohana/mhd_superhump/processed_data/Cyl_2/Cyl_2_profile/Cyl_2_density_profile02228_r=8.png
/home/mohana/mhd_superhump/processed_data/Cyl_2/Cyl_2_profile/Cyl_2_density_profile02232_r=8.png
/home/mohana/mhd_superhump/processed_data/Cyl_2/Cyl_2_profile/Cyl_2_density_profile02236_r=8.png
/home/mohana/mhd_superhump/processed_data/Cyl_2/Cyl_2_profile/Cyl_2_density_profile02240_r=8.png
/home/mohana/mhd_superhump/processed_data/Cyl_2/Cyl_2_profile/Cyl_2_density_profile02244_r=8.png
/home/mohana/mhd_superhump/processed_data/Cyl_2/Cyl_2_profile/Cyl_2_density_profile02248_r=8.png
/home/mohana/mhd_superhump/processed_data/Cyl_2/Cyl_2_profile/Cyl_2_density_profile02252_r=8.png
/home/mohana/mhd_superhump/processed_data/Cyl_2/Cyl_2_profile/Cyl_2_density_profile02256_r=8.png
/home/mohana/mhd_superhump/processed_data/Cyl_2/Cyl_2_profile/Cyl_2_density_profile02260_r=8.png
/home/mohana/mhd_superhump/processed_data/Cyl_2/Cyl_2_profile/Cyl_2_density_profile02264_r=8.png
/home/mohana/mhd_superhump/processed_data/Cyl_2/Cyl_2_profile/Cyl_2_density_profile02268_r=8.png
/home/mohana/mhd_superhump/processed_data/Cyl_2/Cyl_2_profile/Cyl_2_density_profile02272_r=8.png
/home/mohana/mhd_superhump/processed_data/Cyl_2/Cyl_2_profile/Cyl_2_density_profile02276_r=8.png
/home/mohana/mhd_superhump/processed_data/Cyl_2/Cyl_2_profile/Cyl_2_density_profile02280_r=8.png
/home/mohana/mhd_superhump/processed_data/Cyl_2/Cyl_2_profile/Cyl_2_density_profile02284_r=8.png
/home/mohana/mhd_superhump/processed_data/Cyl_2/Cyl_2_profile/Cyl_2_density_profile02288_r=8.png
/home/mohana/mhd_superhump/processed_data/Cyl_2/Cyl_2_profile/Cyl_2_density_profile02292_r=8.png
/home/mohana/mhd_superhump/processed_data/Cyl_2/Cyl_2_profile/Cyl_2_density_profile02296_r=8.png
/home/mohana/mhd_superhump/processed_data/Cyl_2/Cyl_2_profile/Cyl_2_density_profile02300_r=8.png
/home/mohana/mhd_superhump/processed_data/Cyl_2/Cyl_2_profile/Cyl_2_density_profile02304_r=8.png
/home/mohana/mhd_superhump/processed_data/Cyl_2/Cyl_2_profile/Cyl_2_density_profile02308_r=8.png
/home/mohana/mhd_superhump/processed_data/Cyl_2/Cyl_2_profile/Cyl_2_density_profile02312_r=8.png
/home/mohana/mhd_superhump/processed_data/Cyl_2/Cyl_2_profile/Cyl_2_density_profile02316_r=8.png
/home/mohana/mhd_superhump/processed_data/Cyl_2/Cyl_2_profile/Cyl_2_density_profile02320_r=8.png
/home/mohana/mhd_superhump/processed_data/Cyl_2/Cyl_2_profile/Cyl_2_density_profile02324_r=8.png
/home/mohana/mhd_superhump/processed_data/Cyl_2/Cyl_2_profile/Cyl_2_density_profile02328_r=8.png
/home/mohana/mhd_superhump/processed_data/Cyl_2/Cyl_2_profile/Cyl_2_density_profile02332_r=8.png
/home/mohana/mhd_superhump/processed_data/Cyl_2/Cyl_2_profile/Cyl_2_density_profile02336_r=8.png
/home/mohana/mhd_superhump/processed_data/Cyl_2/Cyl_2_profile/Cyl_2_density_profile02340_r=8.png
/home/mohana/mhd_superhump/processed_data/Cyl_2/Cyl_2_profile/Cyl_2_density_profile02344_r=8.png
/home/mohana/mhd_superhump/processed_data/Cyl_2/Cyl_2_profile/Cyl_2_density_profile02348_r=8.png
/home/mohana/mhd_superhump/processed_data/Cyl_2/Cyl_2_profile/Cyl_2_density_profile02352_r=8.png
/home/mohana/mhd_superhump/processed_data/Cyl_2/Cyl_2_profile/Cyl_2_density_profile02356_r=8.png
/home/mohana/mhd_superhump/processed_data/Cyl_2/Cyl_2_profile/Cyl_2_density_profile02360_r=8.png
/home/mohana/mhd_superhump/processed_data/Cyl_2/Cyl_2_profile/Cyl_2_density_profile02364_r=8.png
/home/mohana/mhd_superhump/processed_data/Cyl_2/Cyl_2_profile/Cyl_2_density_profile02368_r=8.png
/home/mohana/mhd_superhump/processed_data/Cyl_2/Cyl_2_profile/Cyl_2_density_profile02372_r=8.png
/home/mohana/mhd_superhump/processed_data/Cyl_2/Cyl_2_profile/Cyl_2_density_profile02376_r=8.png
/home/mohana/mhd_superhump/processed_data/Cyl_2/Cyl_2_profile/Cyl_2_density_profile02380_r=8.png
/home/mohana/mhd_superhump/processed_data/Cyl_2/Cyl_2_profile/Cyl_2_density_profile02384_r=8.png
/home/mohana/mhd_superhump/processed_data/Cyl_2/Cyl_2_profile/Cyl_2_density_profile02388_r=8.png
/home/mohana/mhd_superhump/processed_data/Cyl_2/Cyl_2_profile/Cyl_2_density_profile02392_r=8.png
/home/mohana/mhd_superhump/processed_data/Cyl_2/Cyl_2_profile/Cyl_2_density_profile02396_r=8.png
/home/mohana/mhd_superhump/processed_data/Cyl_2/Cyl_2_profile/Cyl_2_density_profile02400_r=8.png
/home/mohana/mhd_superhump/processed_data/Cyl_2/Cyl_2_profile/Cyl_2_density_profile02404_r=8.png
/home/mohana/mhd_superhump/processed_data/Cyl_2/Cyl_2_profile/Cyl_2_density_profile02408_r=8.png
/home/mohana/mhd_superhump/processed_data/Cyl_2/Cyl_2_profile/Cyl_2_density_profile02412_r=8.png
/home/mohana/mhd_superhump/processed_data/Cyl_2/Cyl_2_profile/Cyl_2_density_profile02416_r=8.png
/home/mohana/mhd_superhump/processed_data/Cyl_2/Cyl_2_profile/Cyl_2_density_profile02420_r=8.png
/home/mohana/mhd_superhump/processed_data/Cyl_2/Cyl_2_profile/Cyl_2_density_profile02424_r=8.png
/home/mohana/mhd_superhump/processed_data/Cyl_2/Cyl_2_profile/Cyl_2_density_profile02428_r=8.png
/home/mohana/mhd_superhump/processed_data/Cyl_2/Cyl_2_profile/Cyl_2_density_profile02432_r=8.png
/home/mohana/mhd_superhump/processed_data/Cyl_2/Cyl_2_profile/Cyl_2_density_profile02436_r=8.png
/home/mohana/mhd_superhump/processed_data/Cyl_2/Cyl_2_profile/Cyl_2_density_profile02440_r=8.png
/home/mohana/mhd_superhump/processed_data/Cyl_2/Cyl_2_profile/Cyl_2_density_profile02444_r=8.png
/home/mohana/mhd_superhump/processed_data/Cyl_2/Cyl_2_profile/Cyl_2_density_profile02448_r=8.png
/home/mohana/mhd_superhump/processed_data/Cyl_2/Cyl_2_profile/Cyl_2_density_profile02452_r=8.png
/home/mohana/mhd_superhump/processed_data/Cyl_2/Cyl_2_profile/Cyl_2_density_profile02456_r=8.png
/home/mohana/mhd_superhump/processed_data/Cyl_2/Cyl_2_profile/Cyl_2_density_profile02460_r=8.png
/home/mohana/mhd_superhump/processed_data/Cyl_2/Cyl_2_profile/Cyl_2_density_profile02464_r=8.png
/home/mohana/mhd_superhump/processed_data/Cyl_2/Cyl_2_profile/Cyl_2_density_profile02468_r=8.png
/home/mohana/mhd_superhump/processed_data/Cyl_2/Cyl_2_profile/Cyl_2_density_profile02472_r=8.png
/home/mohana/mhd_superhump/processed_data/Cyl_2/Cyl_2_profile/Cyl_2_density_profile02476_r=8.png
/home/mohana/mhd_superhump/processed_data/Cyl_2/Cyl_2_profile/Cyl_2_density_profile02480_r=8.png
/home/mohana/mhd_superhump/processed_data/Cyl_2/Cyl_2_profile/Cyl_2_density_profile02484_r=8.png
/home/mohana/mhd_superhump/processed_data/Cyl_2/Cyl_2_profile/Cyl_2_density_profile02488_r=8.png
/home/mohana/mhd_superhump/processed_data/Cyl_2/Cyl_2_profile/Cyl_2_density_profile02492_r=8.png
/home/mohana/mhd_superhump/processed_data/Cyl_2/Cyl_2_profile/Cyl_2_density_profile02496_r=8.png
/home/mohana/mhd_superhump/processed_data/Cyl_2/Cyl_2_profile/Cyl_2_density_profile02500_r=8.png
/home/mohana/mhd_superhump/processed_data/Cyl_2/Cyl_2_profile/Cyl_2_density_profile02504_r=8.png
/home/mohana/mhd_superhump/processed_data/Cyl_2/Cyl_2_profile/Cyl_2_density_profile02508_r=8.png
tar: /home/mohana/mhd_superhump/processed_data/Cyl_2/Cyl_2_profile: file changed as we read it
