/home/mohana/mhd_superhump/Athena_Analysis/branches/profile.py:127: UserWarning: Attempted to set non-positive bottom ylim on a log-scaled axis.
Invalid limit will be ignored.
  ax_radpress.set_ylim([0, 2000])
/home/mohana/mhd_superhump/Athena_Analysis/branches/profile.py:132: UserWarning: Data has no positive values, and therefore cannot be log-scaled.
  ax_radalpha.set_yscale("log")
/home/mohana/mhd_superhump/Athena_Analysis/branches/profile.py:136: UserWarning: Data has no positive values, and therefore cannot be log-scaled.
  ax_vertalpha.set_yscale("log")
/home/mohana/mhd_superhump/Athena_Analysis/branches/profile.py:127: UserWarning: Attempted to set non-positive bottom ylim on a log-scaled axis.
Invalid limit will be ignored.
  ax_radpress.set_ylim([0, 2000])
/home/mohana/mhd_superhump/Athena_Analysis/branches/profile.py:127: UserWarning: Attempted to set non-positive bottom ylim on a log-scaled axis.
Invalid limit will be ignored.
  ax_radpress.set_ylim([0, 2000])
/home/mohana/mhd_superhump/Athena_Analysis/branches/profile.py:127: UserWarning: Attempted to set non-positive bottom ylim on a log-scaled axis.
Invalid limit will be ignored.
  ax_radpress.set_ylim([0, 2000])
/home/mohana/mhd_superhump/Athena_Analysis/branches/profile.py:127: UserWarning: Attempted to set non-positive bottom ylim on a log-scaled axis.
Invalid limit will be ignored.
  ax_radpress.set_ylim([0, 2000])
/home/mohana/mhd_superhump/Athena_Analysis/branches/profile.py:127: UserWarning: Attempted to set non-positive bottom ylim on a log-scaled axis.
Invalid limit will be ignored.
  ax_radpress.set_ylim([0, 2000])
/home/mohana/mhd_superhump/Athena_Analysis/branches/profile.py:127: UserWarning: Attempted to set non-positive bottom ylim on a log-scaled axis.
Invalid limit will be ignored.
  ax_radpress.set_ylim([0, 2000])
/home/mohana/mhd_superhump/Athena_Analysis/branches/profile.py:127: UserWarning: Attempted to set non-positive bottom ylim on a log-scaled axis.
Invalid limit will be ignored.
  ax_radpress.set_ylim([0, 2000])
/home/mohana/mhd_superhump/Athena_Analysis/branches/profile.py:127: UserWarning: Attempted to set non-positive bottom ylim on a log-scaled axis.
Invalid limit will be ignored.
  ax_radpress.set_ylim([0, 2000])
/home/mohana/mhd_superhump/Athena_Analysis/branches/profile.py:127: UserWarning: Attempted to set non-positive bottom ylim on a log-scaled axis.
Invalid limit will be ignored.
  ax_radpress.set_ylim([0, 2000])
slurmstepd: error: *** JOB 3040374 ON node64 CANCELLED AT 2023-04-08T12:22:06 ***
